ARM GAS  C:\Users\tnguy\AppData\Local\Temp\cchdtx8m.s 			page 1


   1              		.cpu cortex-m3
   2              		.arch armv7-m
   3              		.fpu softvfp
   4              		.eabi_attribute 20, 1
   5              		.eabi_attribute 21, 1
   6              		.eabi_attribute 23, 3
   7              		.eabi_attribute 24, 1
   8              		.eabi_attribute 25, 1
   9              		.eabi_attribute 26, 1
  10              		.eabi_attribute 30, 1
  11              		.eabi_attribute 34, 1
  12              		.eabi_attribute 18, 4
  13              		.file	"stm32f1xx_hal_msp.c"
  14              		.text
  15              	.Ltext0:
  16              		.cfi_sections	.debug_frame
  17              		.section	.text.HAL_MspInit,"ax",%progbits
  18              		.align	1
  19              		.global	HAL_MspInit
  20              		.syntax unified
  21              		.thumb
  22              		.thumb_func
  24              	HAL_MspInit:
  25              	.LFB65:
  26              		.file 1 "../../../init/rev0/config/Src/stm32f1xx_hal_msp.c"
   1:../../../init/rev0/config/Src/stm32f1xx_hal_msp.c **** /* USER CODE BEGIN Header */
   2:../../../init/rev0/config/Src/stm32f1xx_hal_msp.c **** /**
   3:../../../init/rev0/config/Src/stm32f1xx_hal_msp.c ****   ******************************************************************************
   4:../../../init/rev0/config/Src/stm32f1xx_hal_msp.c ****   * @file         stm32f1xx_hal_msp.c
   5:../../../init/rev0/config/Src/stm32f1xx_hal_msp.c ****   * @brief        This file provides code for the MSP Initialization
   6:../../../init/rev0/config/Src/stm32f1xx_hal_msp.c ****   *               and de-Initialization codes.
   7:../../../init/rev0/config/Src/stm32f1xx_hal_msp.c ****   ******************************************************************************
   8:../../../init/rev0/config/Src/stm32f1xx_hal_msp.c ****   * @attention
   9:../../../init/rev0/config/Src/stm32f1xx_hal_msp.c ****   *
  10:../../../init/rev0/config/Src/stm32f1xx_hal_msp.c ****   * Copyright (c) 2023 STMicroelectronics.
  11:../../../init/rev0/config/Src/stm32f1xx_hal_msp.c ****   * All rights reserved.
  12:../../../init/rev0/config/Src/stm32f1xx_hal_msp.c ****   *
  13:../../../init/rev0/config/Src/stm32f1xx_hal_msp.c ****   * This software is licensed under terms that can be found in the LICENSE file
  14:../../../init/rev0/config/Src/stm32f1xx_hal_msp.c ****   * in the root directory of this software component.
  15:../../../init/rev0/config/Src/stm32f1xx_hal_msp.c ****   * If no LICENSE file comes with this software, it is provided AS-IS.
  16:../../../init/rev0/config/Src/stm32f1xx_hal_msp.c ****   *
  17:../../../init/rev0/config/Src/stm32f1xx_hal_msp.c ****   ******************************************************************************
  18:../../../init/rev0/config/Src/stm32f1xx_hal_msp.c ****   */
  19:../../../init/rev0/config/Src/stm32f1xx_hal_msp.c **** /* USER CODE END Header */
  20:../../../init/rev0/config/Src/stm32f1xx_hal_msp.c **** 
  21:../../../init/rev0/config/Src/stm32f1xx_hal_msp.c **** /* Includes ------------------------------------------------------------------*/
  22:../../../init/rev0/config/Src/stm32f1xx_hal_msp.c **** #include "main.h"
  23:../../../init/rev0/config/Src/stm32f1xx_hal_msp.c **** /* USER CODE BEGIN Includes */
  24:../../../init/rev0/config/Src/stm32f1xx_hal_msp.c **** 
  25:../../../init/rev0/config/Src/stm32f1xx_hal_msp.c **** /* USER CODE END Includes */
  26:../../../init/rev0/config/Src/stm32f1xx_hal_msp.c **** 
  27:../../../init/rev0/config/Src/stm32f1xx_hal_msp.c **** /* Private typedef -----------------------------------------------------------*/
  28:../../../init/rev0/config/Src/stm32f1xx_hal_msp.c **** /* USER CODE BEGIN TD */
  29:../../../init/rev0/config/Src/stm32f1xx_hal_msp.c **** 
  30:../../../init/rev0/config/Src/stm32f1xx_hal_msp.c **** /* USER CODE END TD */
  31:../../../init/rev0/config/Src/stm32f1xx_hal_msp.c **** 
  32:../../../init/rev0/config/Src/stm32f1xx_hal_msp.c **** /* Private define ------------------------------------------------------------*/
ARM GAS  C:\Users\tnguy\AppData\Local\Temp\cchdtx8m.s 			page 2


  33:../../../init/rev0/config/Src/stm32f1xx_hal_msp.c **** /* USER CODE BEGIN Define */
  34:../../../init/rev0/config/Src/stm32f1xx_hal_msp.c **** 
  35:../../../init/rev0/config/Src/stm32f1xx_hal_msp.c **** /* USER CODE END Define */
  36:../../../init/rev0/config/Src/stm32f1xx_hal_msp.c **** 
  37:../../../init/rev0/config/Src/stm32f1xx_hal_msp.c **** /* Private macro -------------------------------------------------------------*/
  38:../../../init/rev0/config/Src/stm32f1xx_hal_msp.c **** /* USER CODE BEGIN Macro */
  39:../../../init/rev0/config/Src/stm32f1xx_hal_msp.c **** 
  40:../../../init/rev0/config/Src/stm32f1xx_hal_msp.c **** /* USER CODE END Macro */
  41:../../../init/rev0/config/Src/stm32f1xx_hal_msp.c **** 
  42:../../../init/rev0/config/Src/stm32f1xx_hal_msp.c **** /* Private variables ---------------------------------------------------------*/
  43:../../../init/rev0/config/Src/stm32f1xx_hal_msp.c **** /* USER CODE BEGIN PV */
  44:../../../init/rev0/config/Src/stm32f1xx_hal_msp.c **** 
  45:../../../init/rev0/config/Src/stm32f1xx_hal_msp.c **** /* USER CODE END PV */
  46:../../../init/rev0/config/Src/stm32f1xx_hal_msp.c **** 
  47:../../../init/rev0/config/Src/stm32f1xx_hal_msp.c **** /* Private function prototypes -----------------------------------------------*/
  48:../../../init/rev0/config/Src/stm32f1xx_hal_msp.c **** /* USER CODE BEGIN PFP */
  49:../../../init/rev0/config/Src/stm32f1xx_hal_msp.c **** 
  50:../../../init/rev0/config/Src/stm32f1xx_hal_msp.c **** /* USER CODE END PFP */
  51:../../../init/rev0/config/Src/stm32f1xx_hal_msp.c **** 
  52:../../../init/rev0/config/Src/stm32f1xx_hal_msp.c **** /* External functions --------------------------------------------------------*/
  53:../../../init/rev0/config/Src/stm32f1xx_hal_msp.c **** /* USER CODE BEGIN ExternalFunctions */
  54:../../../init/rev0/config/Src/stm32f1xx_hal_msp.c **** 
  55:../../../init/rev0/config/Src/stm32f1xx_hal_msp.c **** /* USER CODE END ExternalFunctions */
  56:../../../init/rev0/config/Src/stm32f1xx_hal_msp.c **** 
  57:../../../init/rev0/config/Src/stm32f1xx_hal_msp.c **** /* USER CODE BEGIN 0 */
  58:../../../init/rev0/config/Src/stm32f1xx_hal_msp.c **** 
  59:../../../init/rev0/config/Src/stm32f1xx_hal_msp.c **** /* USER CODE END 0 */
  60:../../../init/rev0/config/Src/stm32f1xx_hal_msp.c **** /**
  61:../../../init/rev0/config/Src/stm32f1xx_hal_msp.c ****   * Initializes the Global MSP.
  62:../../../init/rev0/config/Src/stm32f1xx_hal_msp.c ****   */
  63:../../../init/rev0/config/Src/stm32f1xx_hal_msp.c **** void HAL_MspInit(void)
  64:../../../init/rev0/config/Src/stm32f1xx_hal_msp.c **** {
  27              		.loc 1 64 1 view -0
  28              		.cfi_startproc
  29              		@ args = 0, pretend = 0, frame = 8
  30              		@ frame_needed = 0, uses_anonymous_args = 0
  31              		@ link register save eliminated.
  32 0000 82B0     		sub	sp, sp, #8
  33              	.LCFI0:
  34              		.cfi_def_cfa_offset 8
  65:../../../init/rev0/config/Src/stm32f1xx_hal_msp.c ****   /* USER CODE BEGIN MspInit 0 */
  66:../../../init/rev0/config/Src/stm32f1xx_hal_msp.c **** 
  67:../../../init/rev0/config/Src/stm32f1xx_hal_msp.c ****   /* USER CODE END MspInit 0 */
  68:../../../init/rev0/config/Src/stm32f1xx_hal_msp.c **** 
  69:../../../init/rev0/config/Src/stm32f1xx_hal_msp.c ****   __HAL_RCC_AFIO_CLK_ENABLE();
  35              		.loc 1 69 3 view .LVU1
  36              	.LBB2:
  37              		.loc 1 69 3 view .LVU2
  38              		.loc 1 69 3 view .LVU3
  39 0002 0A4B     		ldr	r3, .L3
  40 0004 9A69     		ldr	r2, [r3, #24]
  41 0006 42F00102 		orr	r2, r2, #1
  42 000a 9A61     		str	r2, [r3, #24]
  43              		.loc 1 69 3 view .LVU4
  44 000c 9A69     		ldr	r2, [r3, #24]
  45 000e 02F00102 		and	r2, r2, #1
  46 0012 0092     		str	r2, [sp]
ARM GAS  C:\Users\tnguy\AppData\Local\Temp\cchdtx8m.s 			page 3


  47              		.loc 1 69 3 view .LVU5
  48 0014 009A     		ldr	r2, [sp]
  49              	.LBE2:
  50              		.loc 1 69 3 view .LVU6
  70:../../../init/rev0/config/Src/stm32f1xx_hal_msp.c ****   __HAL_RCC_PWR_CLK_ENABLE();
  51              		.loc 1 70 3 view .LVU7
  52              	.LBB3:
  53              		.loc 1 70 3 view .LVU8
  54              		.loc 1 70 3 view .LVU9
  55 0016 DA69     		ldr	r2, [r3, #28]
  56 0018 42F08052 		orr	r2, r2, #268435456
  57 001c DA61     		str	r2, [r3, #28]
  58              		.loc 1 70 3 view .LVU10
  59 001e DB69     		ldr	r3, [r3, #28]
  60 0020 03F08053 		and	r3, r3, #268435456
  61 0024 0193     		str	r3, [sp, #4]
  62              		.loc 1 70 3 view .LVU11
  63 0026 019B     		ldr	r3, [sp, #4]
  64              	.LBE3:
  65              		.loc 1 70 3 view .LVU12
  71:../../../init/rev0/config/Src/stm32f1xx_hal_msp.c **** 
  72:../../../init/rev0/config/Src/stm32f1xx_hal_msp.c ****   /* System interrupt init*/
  73:../../../init/rev0/config/Src/stm32f1xx_hal_msp.c **** 
  74:../../../init/rev0/config/Src/stm32f1xx_hal_msp.c ****   /* USER CODE BEGIN MspInit 1 */
  75:../../../init/rev0/config/Src/stm32f1xx_hal_msp.c **** 
  76:../../../init/rev0/config/Src/stm32f1xx_hal_msp.c ****   /* USER CODE END MspInit 1 */
  77:../../../init/rev0/config/Src/stm32f1xx_hal_msp.c **** }
  66              		.loc 1 77 1 is_stmt 0 view .LVU13
  67 0028 02B0     		add	sp, sp, #8
  68              	.LCFI1:
  69              		.cfi_def_cfa_offset 0
  70              		@ sp needed
  71 002a 7047     		bx	lr
  72              	.L4:
  73              		.align	2
  74              	.L3:
  75 002c 00100240 		.word	1073876992
  76              		.cfi_endproc
  77              	.LFE65:
  79              		.text
  80              	.Letext0:
  81              		.file 2 "c:\\program files (x86)\\gnu arm embedded toolchain\\10 2021.10\\arm-none-eabi\\include\\
  82              		.file 3 "c:\\program files (x86)\\gnu arm embedded toolchain\\10 2021.10\\arm-none-eabi\\include\\
  83              		.file 4 "../../../auto/rev0/Drivers/CMSIS/Device/ST/STM32F1xx/Include/stm32f103xb.h"
ARM GAS  C:\Users\tnguy\AppData\Local\Temp\cchdtx8m.s 			page 4


DEFINED SYMBOLS
                            *ABS*:00000000 stm32f1xx_hal_msp.c
C:\Users\tnguy\AppData\Local\Temp\cchdtx8m.s:18     .text.HAL_MspInit:00000000 $t
C:\Users\tnguy\AppData\Local\Temp\cchdtx8m.s:24     .text.HAL_MspInit:00000000 HAL_MspInit
C:\Users\tnguy\AppData\Local\Temp\cchdtx8m.s:75     .text.HAL_MspInit:0000002c $d

NO UNDEFINED SYMBOLS
